<?xml version="1.0" encoding="UTF-8"?>
<!-- Generated by org.testng.reporters.JUnitXMLReporter -->
<testsuite ignored="3" hostname="LAPTOP-B6MQFRDE" failures="0" tests="2" name="ChromeTest" time="39.154" errors="0" timestamp="2022-11-27T07:43:09 EST">
  <testcase classname="GenericUtility.BaseClass" name="@BeforeTest bcConfig" time="6.242">
    <failure type="org.openqa.selenium.SessionNotCreatedException" message="Could not start a new session. Possible causes are invalid address of the remote server or browser start-up failure. 
Host info: host: &amp;apos;LAPTOP-B6MQFRDE&amp;apos;, ip: &amp;apos;192.168.0.44&amp;apos;">
      <![CDATA[org.openqa.selenium.SessionNotCreatedException: Could not start a new session. Possible causes are invalid address of the remote server or browser start-up failure. 
Host info: host: 'LAPTOP-B6MQFRDE', ip: '192.168.0.44'
at org.openqa.selenium.remote.RemoteWebDriver.execute(RemoteWebDriver.java:559)
at org.openqa.selenium.remote.RemoteWebDriver.startSession(RemoteWebDriver.java:242)
at org.openqa.selenium.remote.RemoteWebDriver.<init>(RemoteWebDriver.java:157)
at org.openqa.selenium.firefox.FirefoxDriver.<init>(FirefoxDriver.java:111)
at org.openqa.selenium.firefox.FirefoxDriver.<init>(FirefoxDriver.java:99)
at org.openqa.selenium.firefox.FirefoxDriver.<init>(FirefoxDriver.java:95)
at GenericUtility.BaseClass.bcConfig(BaseClass.java:57)
at java.base/java.util.concurrent.FutureTask.run(FutureTask.java:264)
at java.base/java.util.concurrent.ThreadPoolExecutor.runWorker(ThreadPoolExecutor.java:1136)
at java.base/java.util.concurrent.ThreadPoolExecutor$Worker.run(ThreadPoolExecutor.java:635)
at java.base/java.lang.Thread.run(Thread.java:833)
Caused by: org.openqa.selenium.WebDriverException: Driver server process died prematurely.
Build info: version: '4.5.3', revision: '4b786a1e430'
System info: os.name: 'Windows 10', os.arch: 'amd64', os.version: '10.0', java.version: '17.0.1'
Driver info: driver.version: FirefoxDriver
at org.openqa.selenium.remote.service.DriverService.start(DriverService.java:226)
at org.openqa.selenium.remote.service.DriverCommandExecutor.execute(DriverCommandExecutor.java:98)
at org.openqa.selenium.remote.RemoteWebDriver.execute(RemoteWebDriver.java:541)
... 25 more
... Removed 15 stack frames]]>
    </failure>
  </testcase> <!-- @BeforeTest bcConfig -->
  <testcase classname="GenericUtility.BaseClass" name="@BeforeMethod bmConfig" time="-1.669552956825E9">
    <skipped/>
  </testcase> <!-- @BeforeMethod bmConfig -->
  <testcase classname="GenericUtility.BaseClass" name="@AfterMethod amConfig" time="-1.669552956847E9">
    <skipped/>
  </testcase> <!-- @AfterMethod amConfig -->
  <testcase classname="GenericUtility.BaseClass" name="@AfterClass acConfig" time="-1.669552956851E9">
    <skipped/>
  </testcase> <!-- @AfterClass acConfig -->
  <testcase classname="GenericUtility.BaseClass" name="@BeforeMethod bmConfig" time="-1.669552956861E9">
    <skipped/>
  </testcase> <!-- @BeforeMethod bmConfig -->
  <testcase classname="GenericUtility.BaseClass" name="@AfterMethod amConfig" time="-1.669552956879E9">
    <skipped/>
  </testcase> <!-- @AfterMethod amConfig -->
  <testcase classname="GenericUtility.BaseClass" name="@AfterClass acConfig" time="-1.669552956883E9">
    <skipped/>
  </testcase> <!-- @AfterClass acConfig -->
  <testcase classname="GenericUtility.BaseClass" name="@BeforeMethod bmConfig" time="0.001">
    <failure type="java.lang.NullPointerException" message="Cannot invoke &amp;quot;org.openqa.selenium.SearchContext.findElement(org.openqa.selenium.By)&amp;quot; because &amp;quot;this.searchContext&amp;quot; is null">
      <![CDATA[java.lang.NullPointerException: Cannot invoke "org.openqa.selenium.SearchContext.findElement(org.openqa.selenium.By)" because "this.searchContext" is null
at org.openqa.selenium.support.pagefactory.DefaultElementLocator.findElement(DefaultElementLocator.java:70)
at org.openqa.selenium.support.pagefactory.internal.LocatingElementHandler.invoke(LocatingElementHandler.java:39)
at jdk.proxy2/jdk.proxy2.$Proxy21.sendKeys(Unknown Source)
at ObjectRepository.LoginPage.Login(LoginPage.java:43)
at GenericUtility.BaseClass.bmConfig(BaseClass.java:76)
at java.base/java.util.ArrayList.forEach(ArrayList.java:1511)
at java.base/java.util.concurrent.FutureTask.run(FutureTask.java:264)
at java.base/java.util.concurrent.ThreadPoolExecutor.runWorker(ThreadPoolExecutor.java:1136)
at java.base/java.util.concurrent.ThreadPoolExecutor$Worker.run(ThreadPoolExecutor.java:635)
at java.base/java.lang.Thread.run(Thread.java:833)
... Removed 22 stack frames]]>
    </failure>
  </testcase> <!-- @BeforeMethod bmConfig -->
  <testcase classname="GenericUtility.BaseClass" name="@AfterMethod amConfig" time="-1.669552989593E9">
    <skipped/>
  </testcase> <!-- @AfterMethod amConfig -->
  <testcase classname="GenericUtility.BaseClass" name="@AfterClass acConfig" time="-1.669552989594E9">
    <skipped/>
  </testcase> <!-- @AfterClass acConfig -->
  <testcase classname="testNG.CreateOrginizationUsingBaseClass" name="CreateOrganization" time="15.954"/>
  <testcase classname="testNG.CreateContactUsingBaseClass" name="CreateContactWithOrganization" time="0.0">
    <skipped/>
  </testcase> <!-- CreateContactWithOrganization -->
  <testcase classname="GenericUtility.BaseClass" name="@AfterSuite auConfig" time="0.0">
    <ignored/>
  </testcase> <!-- @AfterSuite auConfig -->
  <testcase classname="GenericUtility.BaseClass" name="@BeforeSuite bsConfig" time="0.0">
    <ignored/>
  </testcase> <!-- @BeforeSuite bsConfig -->
  <testcase classname="GenericUtility.BaseClass" name="@BeforeTest bcConfig" time="0.0">
    <ignored/>
  </testcase> <!-- @BeforeTest bcConfig -->
</testsuite> <!-- ChromeTest -->
